{
  "stats": {
    "suites": 22,
    "tests": 54,
    "passes": 54,
    "pending": 0,
    "failures": 0,
    "start": "2022-04-13T03:02:42.195Z",
    "end": "2022-04-13T03:05:10.668Z",
    "duration": 83152,
    "testsRegistered": 54,
    "passPercent": 100,
    "pendingPercent": 0,
    "other": 0,
    "hasOther": false,
    "skipped": 0,
    "hasSkipped": false
  },
  "results": [
    {
      "uuid": "05a43919-6bb5-4e98-badd-c6cb1822a725",
      "title": "",
      "fullFile": "cypress/integration/automation-test-store/alias-invoke.js",
      "file": "cypress/integration/automation-test-store/alias-invoke.js",
      "beforeHooks": [],
      "afterHooks": [],
      "tests": [],
      "suites": [
        {
          "uuid": "33d6f134-a3f1-4303-af2a-1cbe131ded0e",
          "title": "alias and invoke",
          "fullFile": "",
          "file": "",
          "beforeHooks": [],
          "afterHooks": [],
          "tests": [
            {
              "title": "Validate a specific hair care product",
              "fullTitle": "alias and invoke Validate a specific hair care product",
              "timedOut": null,
              "duration": 3673,
              "state": "passed",
              "speed": "fast",
              "pass": true,
              "fail": false,
              "pending": false,
              "context": null,
              "code": "cy.visit(\"https://automationteststore.com/\");\ncy.get(\"a[href*='product/category&path=']\").contains(\"Hair Care\").click();\ncy.get('.fixed_wrapper .prdocutname').eq(0).invoke('text').as('productThumbnail');\ncy.get('@productThumbnail').its('length').should('be.gt', 5);\ncy.get('@productThumbnail').should('include', 'Seaweed Conditioner');",
              "err": {},
              "uuid": "d1dae591-8110-4346-aaeb-fcc28b2fe3d8",
              "parentUUID": "33d6f134-a3f1-4303-af2a-1cbe131ded0e",
              "isHook": false,
              "skipped": false
            },
            {
              "title": "Validate product thumbnail",
              "fullTitle": "alias and invoke Validate product thumbnail",
              "timedOut": null,
              "duration": 661,
              "state": "passed",
              "speed": "fast",
              "pass": true,
              "fail": false,
              "pending": false,
              "context": null,
              "code": "cy.visit(\"https://automationteststore.com/\");\ncy.get('.thumbnail').as('productThumbnail');\ncy.get('@productThumbnail').should('have.length', '16');\ncy.get('@productThumbnail').find('.productcart').invoke('attr', 'title').should('include', 'Add to Cart');",
              "err": {},
              "uuid": "fbbb05cd-8aaa-46cb-8147-dae647b51f30",
              "parentUUID": "33d6f134-a3f1-4303-af2a-1cbe131ded0e",
              "isHook": false,
              "skipped": false
            },
            {
              "title": "Calculate total of normal and sale products",
              "fullTitle": "alias and invoke Calculate total of normal and sale products",
              "timedOut": null,
              "duration": 770,
              "state": "passed",
              "speed": "fast",
              "pass": true,
              "fail": false,
              "pending": false,
              "context": null,
              "code": "cy.visit(\"https://automationteststore.com/\"); //cy.get('.thumbnail').as('productThumbnail');\n// cy.get('@productThumbnail').find('.oneprice').each(($el, index, $list) => {\n//       cy.log($el.text())\n// })\ncy.get('.thumbnail').find('.oneprice').invoke('text').as('itemPrice');\ncy.get('.thumbnail').find('.pricenew').invoke('text').as('saleItemPrice');\nvar itemsTotal = 0;\ncy.get('@itemPrice').then($linkText => {\n  var itemPrice = $linkText.split('$');\n  var itemPriceTotal = 0;\n  var i;\n  for (i = 0; i < itemPrice.length; i++) {\n    cy.log(itemPrice[i]);\n    itemPriceTotal += Number(itemPrice[i]);\n  }\n  itemsTotal += itemPriceTotal;\n  cy.log(\"Non sale price items total :\" + itemPriceTotal);\n});\ncy.get('@saleItemPrice').then($linkText => {\n  var saleItemPrice = $linkText.split('$');\n  var saleItemPriceTotal = 0;\n  var j;\n  for (j = 0; j < saleItemPrice.length; j++) {\n    cy.log(saleItemPrice[j]);\n    saleItemPriceTotal += Number(saleItemPrice[j]);\n  }\n  itemsTotal += saleItemPriceTotal;\n  cy.log(\"Sale price items total :\" + saleItemPriceTotal);\n}).then(() => {\n  cy.log(\"The total price of all products: \" + itemsTotal);\n  expect(itemsTotal).to.equal(648.5);\n});",
              "err": {},
              "uuid": "68dae863-6402-4425-a47d-17218dccfae3",
              "parentUUID": "33d6f134-a3f1-4303-af2a-1cbe131ded0e",
              "isHook": false,
              "skipped": false
            }
          ],
          "suites": [],
          "passes": [
            "d1dae591-8110-4346-aaeb-fcc28b2fe3d8",
            "fbbb05cd-8aaa-46cb-8147-dae647b51f30",
            "68dae863-6402-4425-a47d-17218dccfae3"
          ],
          "failures": [],
          "pending": [],
          "skipped": [],
          "duration": 5104,
          "root": false,
          "rootEmpty": false,
          "_timeout": 2000
        }
      ],
      "passes": [],
      "failures": [],
      "pending": [],
      "skipped": [],
      "duration": 0,
      "root": true,
      "rootEmpty": true,
      "_timeout": 2000
    },
    {
      "uuid": "5f1e3c47-d42d-401c-9933-58bc4bccac19",
      "title": "",
      "fullFile": "cypress/integration/automation-test-store/contact-us.js",
      "file": "cypress/integration/automation-test-store/contact-us.js",
      "beforeHooks": [],
      "afterHooks": [],
      "tests": [],
      "suites": [
        {
          "uuid": "78ddca94-7ff9-4fb2-a736-64e5050c8053",
          "title": "Test contact us form via automation test store",
          "fullFile": "",
          "file": "",
          "beforeHooks": [],
          "afterHooks": [],
          "tests": [
            {
              "title": "Should be able to submit a successful submission via contact us form",
              "fullTitle": "Test contact us form via automation test store Should be able to submit a successful submission via contact us form",
              "timedOut": null,
              "duration": 5448,
              "state": "passed",
              "speed": "medium",
              "pass": true,
              "fail": false,
              "pending": false,
              "context": null,
              "code": "cy.visit(\"https://automationteststore.com/\");\ncy.get('.info_links_footer > :nth-child(5) > a').click().then(function (linkText) {\n  cy.log(\"The selected option is : \" + linkText.text());\n}); //cy.xpath(\"(//*[contains(text(),'Contact')])[2]\").click();\n//cy.visit(\"https://automationteststore.com/index.php?rt=content/contact\");\ncy.get('@user').then(user => {\n  cy.get('#ContactUsFrm_first_name').type(user.first_name);\n  cy.get('#ContactUsFrm_email').type(user.email);\n});\ncy.get('#ContactUsFrm_email').should('have.attr', 'name', 'email');\ncy.get('#ContactUsFrm_enquiry').type(\"How to learn Cypress\"); //cy.xpath(\"(//button[@type='submit'])[1]\").click({force:true});\ncy.get('.col-md-6 > .btn').click();\ncy.get('.mb40 > :nth-child(3)').should('have.text', 'Your enquiry has been successfully sent to the store owner!'); //console.log('Test has Completed');\ncy.log('Test has Completed');",
              "err": {},
              "uuid": "704e7813-7179-4337-b9fd-0fe822419869",
              "parentUUID": "78ddca94-7ff9-4fb2-a736-64e5050c8053",
              "isHook": false,
              "skipped": false
            }
          ],
          "suites": [],
          "passes": [
            "704e7813-7179-4337-b9fd-0fe822419869"
          ],
          "failures": [],
          "pending": [],
          "skipped": [],
          "duration": 5448,
          "root": false,
          "rootEmpty": false,
          "_timeout": 2000
        }
      ],
      "passes": [],
      "failures": [],
      "pending": [],
      "skipped": [],
      "duration": 0,
      "root": true,
      "rootEmpty": true,
      "_timeout": 2000
    },
    {
      "uuid": "807ba651-2523-4cb4-a3ea-4013fd20a4e7",
      "title": "",
      "fullFile": "cypress/integration/automation-test-store/inspect-item.js",
      "file": "cypress/integration/automation-test-store/inspect-item.js",
      "beforeHooks": [],
      "afterHooks": [],
      "tests": [],
      "suites": [
        {
          "uuid": "5bd09d0f-51a4-410e-8c61-4f9c3c2158a9",
          "title": "Inspect Automation Test Store items using chain of commands",
          "fullFile": "",
          "file": "",
          "beforeHooks": [],
          "afterHooks": [],
          "tests": [
            {
              "title": "Click on the first item using item header",
              "fullTitle": "Inspect Automation Test Store items using chain of commands Click on the first item using item header",
              "timedOut": null,
              "duration": 3856,
              "state": "passed",
              "speed": "fast",
              "pass": true,
              "fail": false,
              "pending": false,
              "context": null,
              "code": "cy.visit(\"https://automationteststore.com/\");\ncy.get('#block_frame_featured_1769 > .thumbnails > :nth-child(1) > .fixed_wrapper > .fixed > .prdocutname').click();",
              "err": {},
              "uuid": "68f778aa-7d4b-4c97-9b99-afb9e09ed399",
              "parentUUID": "5bd09d0f-51a4-410e-8c61-4f9c3c2158a9",
              "isHook": false,
              "skipped": false
            },
            {
              "title": "Click on the first item using item header",
              "fullTitle": "Inspect Automation Test Store items using chain of commands Click on the first item using item header",
              "timedOut": null,
              "duration": 1051,
              "state": "passed",
              "speed": "fast",
              "pass": true,
              "fail": false,
              "pending": false,
              "context": null,
              "code": "cy.visit(\"https://automationteststore.com/\");\ncy.get('.prdocutname').contains('Skinsheen Bronzer Stick').click().then(function (itemHeaderText) {\n  console.log(\"Selected the following item  :\" + itemHeaderText.text());\n});",
              "err": {},
              "uuid": "7212f1e7-371d-47ac-b7c6-977ecbcfc016",
              "parentUUID": "5bd09d0f-51a4-410e-8c61-4f9c3c2158a9",
              "isHook": false,
              "skipped": false
            },
            {
              "title": "Click on the first item using index",
              "fullTitle": "Inspect Automation Test Store items using chain of commands Click on the first item using index",
              "timedOut": null,
              "duration": 1026,
              "state": "passed",
              "speed": "fast",
              "pass": true,
              "fail": false,
              "pending": false,
              "context": null,
              "code": "cy.visit(\"https://automationteststore.com/\");\ncy.get('.fixed_wrapper').find('.prdocutname').eq(0).click();",
              "err": {},
              "uuid": "7a2ce959-bfd2-4c7d-942d-ade9f5d702e1",
              "parentUUID": "5bd09d0f-51a4-410e-8c61-4f9c3c2158a9",
              "isHook": false,
              "skipped": false
            }
          ],
          "suites": [],
          "passes": [
            "68f778aa-7d4b-4c97-9b99-afb9e09ed399",
            "7212f1e7-371d-47ac-b7c6-977ecbcfc016",
            "7a2ce959-bfd2-4c7d-942d-ade9f5d702e1"
          ],
          "failures": [],
          "pending": [],
          "skipped": [],
          "duration": 5933,
          "root": false,
          "rootEmpty": false,
          "_timeout": 2000
        }
      ],
      "passes": [],
      "failures": [],
      "pending": [],
      "skipped": [],
      "duration": 0,
      "root": true,
      "rootEmpty": true,
      "_timeout": 2000
    },
    {
      "uuid": "1f295354-15d7-4464-a7b6-003e4bf94881",
      "title": "",
      "fullFile": "cypress/integration/automation-test-store/iterate-over-elements.js",
      "file": "cypress/integration/automation-test-store/iterate-over-elements.js",
      "beforeHooks": [],
      "afterHooks": [],
      "tests": [],
      "suites": [
        {
          "uuid": "57cea09a-095c-416c-8e11-47846e6a3193",
          "title": "iterate over elements",
          "fullFile": "",
          "file": "",
          "beforeHooks": [],
          "afterHooks": [],
          "tests": [
            {
              "title": "Log information of all hair care products",
              "fullTitle": "iterate over elements Log information of all hair care products",
              "timedOut": null,
              "duration": 3551,
              "state": "passed",
              "speed": "fast",
              "pass": true,
              "fail": false,
              "pending": false,
              "context": null,
              "code": "cy.get('.fixed_wrapper .prdocutname').each(($el, index, $list) => {\n  cy.log('index:' + index + ' : ' + $el.text());\n});",
              "err": {},
              "uuid": "fa7bcddf-5db3-43eb-89c5-d97ee1799183",
              "parentUUID": "57cea09a-095c-416c-8e11-47846e6a3193",
              "isHook": false,
              "skipped": false
            },
            {
              "title": "Add specific product to basket",
              "fullTitle": "iterate over elements Add specific product to basket",
              "timedOut": null,
              "duration": 1656,
              "state": "passed",
              "speed": "fast",
              "pass": true,
              "fail": false,
              "pending": false,
              "context": null,
              "code": "// cy.get('.fixed_wrapper .prdocutname').each(($el, index, $list) => {\n//     if($el.text().includes('Eau Parfumee au The Vert Shampoo')){\n//         cy.wrap($el).click()\n//     }\n// })\ncy.selectProduct('Eau Parfumee au The Vert Shampoo');",
              "err": {},
              "uuid": "78c88cae-37a1-489c-bd13-f8d3cd6db16d",
              "parentUUID": "57cea09a-095c-416c-8e11-47846e6a3193",
              "isHook": false,
              "skipped": false
            },
            {
              "title": "Add another specific product to basket",
              "fullTitle": "iterate over elements Add another specific product to basket",
              "timedOut": null,
              "duration": 1536,
              "state": "passed",
              "speed": "fast",
              "pass": true,
              "fail": false,
              "pending": false,
              "context": null,
              "code": "cy.selectProduct('Seaweed Conditioner');",
              "err": {},
              "uuid": "e68a07bb-de5b-429c-9f69-01229574ab54",
              "parentUUID": "57cea09a-095c-416c-8e11-47846e6a3193",
              "isHook": false,
              "skipped": false
            },
            {
              "title": "Add another specific product to basket 2",
              "fullTitle": "iterate over elements Add another specific product to basket 2",
              "timedOut": null,
              "duration": 1451,
              "state": "passed",
              "speed": "fast",
              "pass": true,
              "fail": false,
              "pending": false,
              "context": null,
              "code": "cy.selectProduct('Curls to straight Shampoo');",
              "err": {},
              "uuid": "37b099ba-64bd-48b1-b0a5-7b34e793c894",
              "parentUUID": "57cea09a-095c-416c-8e11-47846e6a3193",
              "isHook": false,
              "skipped": false
            }
          ],
          "suites": [],
          "passes": [
            "fa7bcddf-5db3-43eb-89c5-d97ee1799183",
            "78c88cae-37a1-489c-bd13-f8d3cd6db16d",
            "e68a07bb-de5b-429c-9f69-01229574ab54",
            "37b099ba-64bd-48b1-b0a5-7b34e793c894"
          ],
          "failures": [],
          "pending": [],
          "skipped": [],
          "duration": 8194,
          "root": false,
          "rootEmpty": false,
          "_timeout": 2000
        }
      ],
      "passes": [],
      "failures": [],
      "pending": [],
      "skipped": [],
      "duration": 0,
      "root": true,
      "rootEmpty": true,
      "_timeout": 2000
    },
    {
      "uuid": "894a9e25-6ca9-481a-8a53-f685de381668",
      "title": "",
      "fullFile": "cypress/integration/automation-test-store/variables-and-cy-commands.js",
      "file": "cypress/integration/automation-test-store/variables-and-cy-commands.js",
      "beforeHooks": [],
      "afterHooks": [],
      "tests": [],
      "suites": [
        {
          "uuid": "84e7b3eb-f675-4115-b66e-e8b350eda732",
          "title": "Varifying variables, cypress commands and jquery commads",
          "fullFile": "",
          "file": "",
          "beforeHooks": [],
          "afterHooks": [],
          "tests": [
            {
              "title": "Validate properties of the contact us page",
              "fullTitle": "Varifying variables, cypress commands and jquery commads Validate properties of the contact us page",
              "timedOut": null,
              "duration": 2152,
              "state": "passed",
              "speed": "fast",
              "pass": true,
              "fail": false,
              "pending": false,
              "context": null,
              "code": "cy.visit(\"https://automationteststore.com/index.php?rt=content/contact\"); // uses cypress command and chaining\ncy.contains('#ContactUsFrm', 'Contact Us Form').find('#field_11').should('contain', 'First name:'); //query Approach\ncy.contains('#ContactUsFrm', 'Contact Us Form').then(text => {\n  const firstNameText = text.find('#field_11').text();\n  expect(firstNameText).to.contain('First name:');\n}); //Embedded commands(Closure)\ncy.get('#field_11').then(fnText => {\n  cy.log(fnText.text());\n  cy.log(fnText);\n});",
              "err": {},
              "uuid": "b736d347-8adb-414c-b8ab-232961fe02dc",
              "parentUUID": "84e7b3eb-f675-4115-b66e-e8b350eda732",
              "isHook": false,
              "skipped": false
            }
          ],
          "suites": [],
          "passes": [
            "b736d347-8adb-414c-b8ab-232961fe02dc"
          ],
          "failures": [],
          "pending": [],
          "skipped": [],
          "duration": 2152,
          "root": false,
          "rootEmpty": false,
          "_timeout": 2000
        }
      ],
      "passes": [],
      "failures": [],
      "pending": [],
      "skipped": [],
      "duration": 0,
      "root": true,
      "rootEmpty": true,
      "_timeout": 2000
    },
    {
      "uuid": "ead825c9-01aa-4035-abe7-1c22e1b98978",
      "title": "",
      "fullFile": "cypress/integration/other/hooks.js",
      "file": "cypress/integration/other/hooks.js",
      "beforeHooks": [],
      "afterHooks": [],
      "tests": [],
      "suites": [
        {
          "uuid": "9c92edcf-702c-4b18-92fd-fdb673ac9933",
          "title": "Hooks",
          "fullFile": "",
          "file": "",
          "beforeHooks": [],
          "afterHooks": [],
          "tests": [
            {
              "title": "Example test1",
              "fullTitle": "Hooks Example test1",
              "timedOut": null,
              "duration": 26,
              "state": "passed",
              "speed": "fast",
              "pass": true,
              "fail": false,
              "pending": false,
              "context": null,
              "code": "cy.log(\"Example test1\");",
              "err": {},
              "uuid": "e0634134-bf93-4ec1-aee0-3239c54ff543",
              "parentUUID": "9c92edcf-702c-4b18-92fd-fdb673ac9933",
              "isHook": false,
              "skipped": false
            },
            {
              "title": "Example test2",
              "fullTitle": "Hooks Example test2",
              "timedOut": null,
              "duration": 8,
              "state": "passed",
              "speed": "fast",
              "pass": true,
              "fail": false,
              "pending": false,
              "context": null,
              "code": "cy.log(\"Example test2\");",
              "err": {},
              "uuid": "f59ba6b1-5d5b-4eb7-9647-99786364a44a",
              "parentUUID": "9c92edcf-702c-4b18-92fd-fdb673ac9933",
              "isHook": false,
              "skipped": false
            }
          ],
          "suites": [],
          "passes": [
            "e0634134-bf93-4ec1-aee0-3239c54ff543",
            "f59ba6b1-5d5b-4eb7-9647-99786364a44a"
          ],
          "failures": [],
          "pending": [],
          "skipped": [],
          "duration": 34,
          "root": false,
          "rootEmpty": false,
          "_timeout": 2000
        }
      ],
      "passes": [],
      "failures": [],
      "pending": [],
      "skipped": [],
      "duration": 0,
      "root": true,
      "rootEmpty": true,
      "_timeout": 2000
    },
    {
      "uuid": "334941d8-75a6-4356-8809-47ce0b509853",
      "title": "",
      "fullFile": "cypress/integration/other/same-origin-policy.js",
      "file": "cypress/integration/other/same-origin-policy.js",
      "beforeHooks": [],
      "afterHooks": [],
      "tests": [],
      "suites": [
        {
          "uuid": "c8965271-b72e-4ab0-aae6-22c085bf7a0e",
          "title": "Cypress web security",
          "fullFile": "",
          "file": "",
          "beforeHooks": [],
          "afterHooks": [],
          "tests": [
            {
              "title": "Validate visiting two different domains",
              "fullTitle": "Cypress web security Validate visiting two different domains",
              "timedOut": null,
              "duration": 885,
              "state": "passed",
              "speed": "fast",
              "pass": true,
              "fail": false,
              "pending": false,
              "context": null,
              "code": "cy.visit(\"http://www.webdriveruniversity.com/\"); //cy.visit(\"https://automationteststore.com/\");",
              "err": {},
              "uuid": "25e6e82b-2d5a-40f1-b3d1-c840ca14c040",
              "parentUUID": "c8965271-b72e-4ab0-aae6-22c085bf7a0e",
              "isHook": false,
              "skipped": false
            },
            {
              "title": "Validate visiting two different domains via user actions",
              "fullTitle": "Cypress web security Validate visiting two different domains via user actions",
              "timedOut": null,
              "duration": 3885,
              "state": "passed",
              "speed": "fast",
              "pass": true,
              "fail": false,
              "pending": false,
              "context": null,
              "code": "cy.visit(\"http://www.webdriveruniversity.com/\");\ncy.get('#automation-test-store').invoke('removeAttr', 'target').click({\n  force: true\n});",
              "err": {},
              "uuid": "2091b3a5-f4ee-4f9f-9b13-9419be882501",
              "parentUUID": "c8965271-b72e-4ab0-aae6-22c085bf7a0e",
              "isHook": false,
              "skipped": false
            }
          ],
          "suites": [],
          "passes": [
            "25e6e82b-2d5a-40f1-b3d1-c840ca14c040",
            "2091b3a5-f4ee-4f9f-9b13-9419be882501"
          ],
          "failures": [],
          "pending": [],
          "skipped": [],
          "duration": 4770,
          "root": false,
          "rootEmpty": false,
          "_timeout": 2000
        }
      ],
      "passes": [],
      "failures": [],
      "pending": [],
      "skipped": [],
      "duration": 0,
      "root": true,
      "rootEmpty": true,
      "_timeout": 2000
    },
    {
      "uuid": "fa09fc28-1aa8-427e-8b7c-70d315787d8c",
      "title": "",
      "fullFile": "cypress/integration/webdriver-uni/autocomplete-dropdown-list.js",
      "file": "cypress/integration/webdriver-uni/autocomplete-dropdown-list.js",
      "beforeHooks": [],
      "afterHooks": [],
      "tests": [],
      "suites": [
        {
          "uuid": "eb445774-d545-4f97-821f-baad619fd54d",
          "title": "Verify Autocomplete dropdown lists via webdriveruni",
          "fullFile": "",
          "file": "",
          "beforeHooks": [],
          "afterHooks": [],
          "tests": [
            {
              "title": "Select specific product via autocomplete lists",
              "fullTitle": "Verify Autocomplete dropdown lists via webdriveruni Select specific product via autocomplete lists",
              "timedOut": null,
              "duration": 2429,
              "state": "passed",
              "speed": "fast",
              "pass": true,
              "fail": false,
              "pending": false,
              "context": null,
              "code": "cy.visit(\"http://www.webdriveruniversity.com/\");\ncy.get('#autocomplete-textfield').invoke('removeAttr', 'target').click({\n  force: true\n});\ncy.get('#myInput').type('A');\ncy.get('#myInputautocomplete-list > *').each(($el, index, $list) => {\n  const prod = $el.text();\n  const productToSelect = 'Avacado';\n  if (prod === productToSelect) {\n    //$el.click();\n    $el.trigger(\"click\");\n    cy.get('#submit-button').click();\n    cy.url().should('include', productToSelect);\n  }\n}).then(() => {\n  cy.get('#myInput').type('G');\n  cy.get('#myInputautocomplete-list > *').each(($el, index, $list) => {\n    const prod = $el.text();\n    const productToSelect = 'Grapes';\n    if (prod === productToSelect) {\n      //$el.click();\n      $el.trigger(\"click\");\n      cy.get('#submit-button').click();\n      cy.url().should('include', productToSelect);\n    }\n  });\n});",
              "err": {},
              "uuid": "cf996d06-9b0a-4194-82e6-2acb920c2318",
              "parentUUID": "eb445774-d545-4f97-821f-baad619fd54d",
              "isHook": false,
              "skipped": false
            }
          ],
          "suites": [],
          "passes": [
            "cf996d06-9b0a-4194-82e6-2acb920c2318"
          ],
          "failures": [],
          "pending": [],
          "skipped": [],
          "duration": 2429,
          "root": false,
          "rootEmpty": false,
          "_timeout": 2000
        }
      ],
      "passes": [],
      "failures": [],
      "pending": [],
      "skipped": [],
      "duration": 0,
      "root": true,
      "rootEmpty": true,
      "_timeout": 2000
    },
    {
      "uuid": "01dc3d96-4bb6-411b-bd3d-e2fcfcfcbd22",
      "title": "",
      "fullFile": "cypress/integration/webdriver-uni/browser-navigation.js",
      "file": "cypress/integration/webdriver-uni/browser-navigation.js",
      "beforeHooks": [],
      "afterHooks": [],
      "tests": [],
      "suites": [
        {
          "uuid": "6cca6996-0b9a-4ac9-98f7-1e6f2a6fe110",
          "title": "Validate webdriveruni homepage links",
          "fullFile": "",
          "file": "",
          "beforeHooks": [],
          "afterHooks": [],
          "tests": [
            {
              "title": "Confirm links redirect to the correct pages",
              "fullTitle": "Validate webdriveruni homepage links Confirm links redirect to the correct pages",
              "timedOut": null,
              "duration": 4628,
              "state": "passed",
              "speed": "fast",
              "pass": true,
              "fail": false,
              "pending": false,
              "context": null,
              "code": "cy.visit(\"http://www.webdriveruniversity.com/\");\ncy.get('#contact-us').invoke('removeAttr', 'target').click({\n  force: true\n});\ncy.url().should('include', 'contactus');\ncy.go('back');\ncy.reload();\ncy.url().should('include', 'http://www.webdriveruniversity.com/'); // cy.reload(true)   //reload without cache\ncy.go('forward');\ncy.url().should('include', 'contactus');\ncy.go('back');\ncy.get('#login-portal').invoke('removeAttr', 'target').click({\n  force: true\n});\ncy.url().should('include', 'Login-Portal');\ncy.go('back');\ncy.get('#to-do-list').invoke('removeAttr', 'target').click({\n  force: true\n});\ncy.url().should('include', 'To-Do-List');\ncy.go('back');",
              "err": {},
              "uuid": "b2813151-8351-493b-9d3b-82eecc02dd51",
              "parentUUID": "6cca6996-0b9a-4ac9-98f7-1e6f2a6fe110",
              "isHook": false,
              "skipped": false
            }
          ],
          "suites": [],
          "passes": [
            "b2813151-8351-493b-9d3b-82eecc02dd51"
          ],
          "failures": [],
          "pending": [],
          "skipped": [],
          "duration": 4628,
          "root": false,
          "rootEmpty": false,
          "_timeout": 2000
        }
      ],
      "passes": [],
      "failures": [],
      "pending": [],
      "skipped": [],
      "duration": 0,
      "root": true,
      "rootEmpty": true,
      "_timeout": 2000
    },
    {
      "uuid": "54f95cda-8cd6-4379-bef6-125c252aba84",
      "title": "",
      "fullFile": "cypress/integration/webdriver-uni/checkboxes.js",
      "file": "cypress/integration/webdriver-uni/checkboxes.js",
      "beforeHooks": [],
      "afterHooks": [],
      "tests": [],
      "suites": [
        {
          "uuid": "9ee171cb-e97e-42ca-8088-ccff7d41a77a",
          "title": "Verify checkboxes via webdriveruni",
          "fullFile": "",
          "file": "",
          "beforeHooks": [],
          "afterHooks": [],
          "tests": [
            {
              "title": "Check and Validate checkbox",
              "fullTitle": "Verify checkboxes via webdriveruni Check and Validate checkbox",
              "timedOut": null,
              "duration": 919,
              "state": "passed",
              "speed": "fast",
              "pass": true,
              "fail": false,
              "pending": false,
              "context": null,
              "code": "//    cy.get('#checkboxes > :nth-child(1) > input').check()\n//    cy.get('#checkboxes > :nth-child(1) > input').check().should('be.checked')\ncy.get('#checkboxes > :nth-child(1) > input').as('option-1'); //   cy.get('@option-1').check()\ncy.get('@option-1').check().should('be.checked');",
              "err": {},
              "uuid": "20eccc72-8337-4dd0-b9d8-fc115b373b96",
              "parentUUID": "9ee171cb-e97e-42ca-8088-ccff7d41a77a",
              "isHook": false,
              "skipped": false
            },
            {
              "title": "UnCheck and Validate checkbox",
              "fullTitle": "Verify checkboxes via webdriveruni UnCheck and Validate checkbox",
              "timedOut": null,
              "duration": 287,
              "state": "passed",
              "speed": "fast",
              "pass": true,
              "fail": false,
              "pending": false,
              "context": null,
              "code": "// cy.get(':nth-child(5) > input').uncheck().should('not.be.checked')\ncy.get(':nth-child(5) > input').as('option-3');\ncy.get('@option-3').uncheck().should('not.be.checked');",
              "err": {},
              "uuid": "14bbeddc-7405-4a1d-b566-412ec93a7b08",
              "parentUUID": "9ee171cb-e97e-42ca-8088-ccff7d41a77a",
              "isHook": false,
              "skipped": false
            },
            {
              "title": "Check multiple checkbox",
              "fullTitle": "Verify checkboxes via webdriveruni Check multiple checkbox",
              "timedOut": null,
              "duration": 443,
              "state": "passed",
              "speed": "fast",
              "pass": true,
              "fail": false,
              "pending": false,
              "context": null,
              "code": "cy.get(\"input[type='checkbox']\").check([\"option-1\", \"option-2\", \"option-3\", \"option-4\"]).should('be.checked');",
              "err": {},
              "uuid": "c5ccddee-5ac8-4c4c-baf3-28d47025d6be",
              "parentUUID": "9ee171cb-e97e-42ca-8088-ccff7d41a77a",
              "isHook": false,
              "skipped": false
            }
          ],
          "suites": [],
          "passes": [
            "20eccc72-8337-4dd0-b9d8-fc115b373b96",
            "14bbeddc-7405-4a1d-b566-412ec93a7b08",
            "c5ccddee-5ac8-4c4c-baf3-28d47025d6be"
          ],
          "failures": [],
          "pending": [],
          "skipped": [],
          "duration": 1649,
          "root": false,
          "rootEmpty": false,
          "_timeout": 2000
        }
      ],
      "passes": [],
      "failures": [],
      "pending": [],
      "skipped": [],
      "duration": 0,
      "root": true,
      "rootEmpty": true,
      "_timeout": 2000
    },
    {
      "uuid": "2e6d985b-f657-4e2e-89f9-fe1a213fbb21",
      "title": "",
      "fullFile": "cypress/integration/webdriver-uni/contact-us.js",
      "file": "cypress/integration/webdriver-uni/contact-us.js",
      "beforeHooks": [],
      "afterHooks": [],
      "tests": [],
      "suites": [
        {
          "uuid": "19ec96b2-bb9a-464c-86e0-f2fa141198df",
          "title": "Test Contact Us form via webdriverUni",
          "fullFile": "",
          "file": "",
          "beforeHooks": [],
          "afterHooks": [],
          "tests": [
            {
              "title": "Should be able to submit a successful submission via contact us form",
              "fullTitle": "Test Contact Us form via webdriverUni Should be able to submit a successful submission via contact us form",
              "timedOut": null,
              "duration": 6762,
              "state": "passed",
              "speed": "medium",
              "pass": true,
              "fail": false,
              "pending": false,
              "context": null,
              "code": "//    cypress code\n//    cy.xpath(\"//*[text()='CONTACT US']\").click({force:true});\n//    cy.get('#contact-us > .thumbnail > .section-title > h1').click({force:true});\n//    cy.visit(\"http://www.webdriveruniversity.com/Contact-Us/contactus.html\");\n//    cy.document().should('have.property', 'charset').and('eq', 'UTF-8');\n//    cy.title().should('include', 'WebDriver | Contact Us');\n//    cy.url().should('include', 'contactus');\n//    cy.get('[name=\"first_name\"]').type(data.first_name);\n//    cy.get('[name=\"last_name\"]').type(data.last_name);\n//    cy.get('[name=\"email\"]').type(data.email);\n//    cy.get('textarea.feedback-input').type(\"It is good\");\n//    cy.get('[type=\"submit\"]').click();\n//    cy.get('h1').should('have.text','Thank You for your Message!');\n//    cy.webdriveruni_ContactForm_Submission(Cypress.env(\"first_name\"), data.last_name, data.email, \"It is good\", 'h1', 'Thank You for your Message!' )\ncontact_Us_PO.contactForm_Submission(Cypress.env(\"first_name\"), data.last_name, data.email, \"It is good\", 'h1', 'Thank You for your Message!');",
              "err": {},
              "uuid": "f0750579-e220-432b-8ff8-561166f7ab30",
              "parentUUID": "19ec96b2-bb9a-464c-86e0-f2fa141198df",
              "isHook": false,
              "skipped": false
            },
            {
              "title": "Should not be able to submit a successful submission via contact us form as all fields are required",
              "fullTitle": "Test Contact Us form via webdriverUni Should not be able to submit a successful submission via contact us form as all fields are required",
              "timedOut": null,
              "duration": 4940,
              "state": "passed",
              "speed": "fast",
              "pass": true,
              "fail": false,
              "pending": false,
              "context": null,
              "code": "//cy.visit(\"http://www.webdriveruniversity.com/Contact-Us/contactus.html\");\n// cy.get('[name=\"first_name\"]').type(data.first_name);\n// cy.get('[name=\"last_name\"]').type(data.last_name);\n// cy.get('textarea.feedback-input').type(\"It is good\");\n// cy.get('[type=\"submit\"]').click();\n// cy.get('body').contains('Error: all fields are required');\ncontact_Us_PO.contactForm_Submission(data.first_name, data.last_name, \" \", \"It is good\", 'body', 'Error: Invalid email address');",
              "err": {},
              "uuid": "6b5c1f5c-905c-4e3b-98c4-3251dcc88bc5",
              "parentUUID": "19ec96b2-bb9a-464c-86e0-f2fa141198df",
              "isHook": false,
              "skipped": false
            }
          ],
          "suites": [],
          "passes": [
            "f0750579-e220-432b-8ff8-561166f7ab30",
            "6b5c1f5c-905c-4e3b-98c4-3251dcc88bc5"
          ],
          "failures": [],
          "pending": [],
          "skipped": [],
          "duration": 11702,
          "root": false,
          "rootEmpty": false,
          "_timeout": 2000
        }
      ],
      "passes": [],
      "failures": [],
      "pending": [],
      "skipped": [],
      "duration": 0,
      "root": true,
      "rootEmpty": true,
      "_timeout": 2000
    },
    {
      "uuid": "307ed58b-36e9-4e08-a9bd-7fffaf0a6fad",
      "title": "",
      "fullFile": "cypress/integration/webdriver-uni/data-tables.js",
      "file": "cypress/integration/webdriver-uni/data-tables.js",
      "beforeHooks": [],
      "afterHooks": [],
      "tests": [],
      "suites": [
        {
          "uuid": "02354666-3a5e-463a-9dd8-1395147832a7",
          "title": "Handling data via webdriver uni",
          "fullFile": "",
          "file": "",
          "beforeHooks": [],
          "afterHooks": [],
          "tests": [
            {
              "title": "calculate and assert the total age of all users",
              "fullTitle": "Handling data via webdriver uni calculate and assert the total age of all users",
              "timedOut": null,
              "duration": 2862,
              "state": "passed",
              "speed": "fast",
              "pass": true,
              "fail": false,
              "pending": false,
              "context": null,
              "code": "var userDetails = [];\nlet numb = 0;\ncy.get('#thumbnail-1 td').each(($el, index, $list) => {\n  userDetails[index] = $el.text();\n}).then(() => {\n  var i;\n  for (i = 0; i < userDetails.length; i++) {\n    if (Number(userDetails[i])) {\n      numb += Number(userDetails[i]);\n    } //cy.log(userDetails[i])\n  }\n  cy.log('Found total age :' + numb);\n  expect(numb).to.eq(322);\n});",
              "err": {},
              "uuid": "415a352d-3fa0-4d1c-aced-9ca6f3065e01",
              "parentUUID": "02354666-3a5e-463a-9dd8-1395147832a7",
              "isHook": false,
              "skipped": false
            },
            {
              "title": "calculate and assert the age of given user based on last name",
              "fullTitle": "Handling data via webdriver uni calculate and assert the age of given user based on last name",
              "timedOut": null,
              "duration": 450,
              "state": "passed",
              "speed": "fast",
              "pass": true,
              "fail": false,
              "pending": false,
              "context": null,
              "code": "cy.get('#thumbnail-1 tr td:nth-child(2)').each(($el, index, $list) => {\n  const text = $el.text();\n  if (text.includes(\"Woods\")) {\n    cy.get('#thumbnail-1 tr td:nth-child(2)').eq(index).next().then(function (age) {\n      const userAge = age.text();\n      expect(userAge).to.equal(\"80\");\n    });\n  }\n});",
              "err": {},
              "uuid": "d77b8cf6-23ac-4e76-bc21-5a3ea87b5a8c",
              "parentUUID": "02354666-3a5e-463a-9dd8-1395147832a7",
              "isHook": false,
              "skipped": false
            }
          ],
          "suites": [],
          "passes": [
            "415a352d-3fa0-4d1c-aced-9ca6f3065e01",
            "d77b8cf6-23ac-4e76-bc21-5a3ea87b5a8c"
          ],
          "failures": [],
          "pending": [],
          "skipped": [],
          "duration": 3312,
          "root": false,
          "rootEmpty": false,
          "_timeout": 2000
        }
      ],
      "passes": [],
      "failures": [],
      "pending": [],
      "skipped": [],
      "duration": 0,
      "root": true,
      "rootEmpty": true,
      "_timeout": 2000
    },
    {
      "uuid": "5310e959-e20f-4734-a945-3f91e317679d",
      "title": "",
      "fullFile": "cypress/integration/webdriver-uni/datepicker.js",
      "file": "cypress/integration/webdriver-uni/datepicker.js",
      "beforeHooks": [],
      "afterHooks": [],
      "tests": [],
      "suites": [
        {
          "uuid": "e847c7dc-7bc2-4065-8004-1ff982c80792",
          "title": "Test Datepicker via Webdriveruni",
          "fullFile": "",
          "file": "",
          "beforeHooks": [],
          "afterHooks": [],
          "tests": [
            {
              "title": "select date from the datepicker",
              "fullTitle": "Test Datepicker via Webdriveruni select date from the datepicker",
              "timedOut": null,
              "duration": 2446,
              "state": "passed",
              "speed": "fast",
              "pass": true,
              "fail": false,
              "pending": false,
              "context": null,
              "code": "cy.visit(\"http://www.webdriveruniversity.com/\");\ncy.get('#datepicker').invoke('removeAttr', 'target').click({\n  force: true\n});\ncy.get('#datepicker').click(); //    let date = new Date()\n//    date.setDate(date.getDate())\n//    cy.log(date.getDate())  //get current date\n//    let date2 = new Date()\n//    date2.setDate(date2.getDate() + 5)\n//    cy.log(date2.getDate()) // get current date + 5\nvar date = new Date();\ndate.setDate(date.getDate() + 26);\nvar futureYear = date.getFullYear();\nvar futureMonth = date.toLocaleString(\"default\", {\n  month: \"long\"\n});\nvar futureDay = date.getDate();\ncy.log('Future year to select: ' + futureYear);\ncy.log('Future month to select: ' + futureMonth);\ncy.log('Future day to select: ' + futureDay);\nfunction selectMonthandYear() {\n  cy.get('.datepicker-dropdown').find('.datepicker-switch').first().then(CurrentDate => {\n    if (!CurrentDate.text().includes(futureYear)) {\n      cy.get('.next').first().click();\n      selectMonthandYear();\n    }\n  }).then(() => {\n    cy.get('.datepicker-dropdown').find('.datepicker-switch').first().then(CurrentDate => {\n      if (!CurrentDate.text().includes(futureMonth)) {\n        cy.get('.next').first().click();\n        selectMonthandYear();\n      }\n    });\n  });\n}\nfunction selectFutureDate() {\n  cy.get('[class=\"day\"]').contains(futureDay).click();\n}\nselectMonthandYear();\nselectFutureDate();",
              "err": {},
              "uuid": "755d1c2f-5991-40e8-ac2a-d1285b1fdaf5",
              "parentUUID": "e847c7dc-7bc2-4065-8004-1ff982c80792",
              "isHook": false,
              "skipped": false
            }
          ],
          "suites": [],
          "passes": [
            "755d1c2f-5991-40e8-ac2a-d1285b1fdaf5"
          ],
          "failures": [],
          "pending": [],
          "skipped": [],
          "duration": 2446,
          "root": false,
          "rootEmpty": false,
          "_timeout": 2000
        }
      ],
      "passes": [],
      "failures": [],
      "pending": [],
      "skipped": [],
      "duration": 0,
      "root": true,
      "rootEmpty": true,
      "_timeout": 2000
    },
    {
      "uuid": "2b7d4686-66cd-4e8e-82ba-1840d4cbe51c",
      "title": "",
      "fullFile": "cypress/integration/webdriver-uni/file-upload.js",
      "file": "cypress/integration/webdriver-uni/file-upload.js",
      "beforeHooks": [],
      "afterHooks": [],
      "tests": [],
      "suites": [
        {
          "uuid": "d3d0d4ae-f65b-4e1d-b0a9-a423f4ef086a",
          "title": "Test File Upload via webdriveruni",
          "fullFile": "",
          "file": "",
          "beforeHooks": [],
          "afterHooks": [],
          "tests": [
            {
              "title": "upload no file...",
              "fullTitle": "Test File Upload via webdriveruni upload no file...",
              "timedOut": null,
              "duration": 1869,
              "state": "passed",
              "speed": "fast",
              "pass": true,
              "fail": false,
              "pending": false,
              "context": null,
              "code": "cy.visit(\"http://www.webdriveruniversity.com/\");\ncy.get('#file-upload').invoke('removeAttr', 'target').click({\n  force: true\n});\ncy.get('#submit-button').click();",
              "err": {},
              "uuid": "11411bee-07fd-4b2d-b211-4c19236ab9c3",
              "parentUUID": "d3d0d4ae-f65b-4e1d-b0a9-a423f4ef086a",
              "isHook": false,
              "skipped": false
            }
          ],
          "suites": [],
          "passes": [
            "11411bee-07fd-4b2d-b211-4c19236ab9c3"
          ],
          "failures": [],
          "pending": [],
          "skipped": [],
          "duration": 1869,
          "root": false,
          "rootEmpty": false,
          "_timeout": 2000
        }
      ],
      "passes": [],
      "failures": [],
      "pending": [],
      "skipped": [],
      "duration": 0,
      "root": true,
      "rootEmpty": true,
      "_timeout": 2000
    },
    {
      "uuid": "ab7ce2e0-77c2-4db6-8a8a-62da57903a69",
      "title": "",
      "fullFile": "cypress/integration/webdriver-uni/iframe.js",
      "file": "cypress/integration/webdriver-uni/iframe.js",
      "beforeHooks": [],
      "afterHooks": [],
      "tests": [],
      "suites": [
        {
          "uuid": "e2aabab0-6d48-4b60-a379-d5c1d0c16c2d",
          "title": "Handling Iframe & Modals",
          "fullFile": "",
          "file": "",
          "beforeHooks": [],
          "afterHooks": [],
          "tests": [
            {
              "title": "Handle webdriver uni iframe and modal",
              "fullTitle": "Handling Iframe & Modals Handle webdriver uni iframe and modal",
              "timedOut": null,
              "duration": 2359,
              "state": "passed",
              "speed": "fast",
              "pass": true,
              "fail": false,
              "pending": false,
              "context": null,
              "code": "cy.visit(\"http://www.webdriveruniversity.com/\");\ncy.get('#iframe').invoke('removeAttr', 'target').click({\n  force: true\n});\ncy.get('#frame').then($iframe => {\n  const body = $iframe.contents().find('body');\n  cy.wrap(body).as('iframe');\n});\ncy.get('@iframe').find('#button-find-out-more').click();\ncy.get('@iframe').find('#myModal').as('modal');\ncy.get('@modal').should($expectedTest => {\n  const text = $expectedTest.text();\n  expect(text).to.include('Welcome to webdriveruniversity.com we sell a wide range of electrical goods');\n});\ncy.get('@modal').contains('Close').click();",
              "err": {},
              "uuid": "52171642-679a-470b-92d8-48b14883522e",
              "parentUUID": "e2aabab0-6d48-4b60-a379-d5c1d0c16c2d",
              "isHook": false,
              "skipped": false
            }
          ],
          "suites": [],
          "passes": [
            "52171642-679a-470b-92d8-48b14883522e"
          ],
          "failures": [],
          "pending": [],
          "skipped": [],
          "duration": 2359,
          "root": false,
          "rootEmpty": false,
          "_timeout": 2000
        }
      ],
      "passes": [],
      "failures": [],
      "pending": [],
      "skipped": [],
      "duration": 0,
      "root": true,
      "rootEmpty": true,
      "_timeout": 2000
    },
    {
      "uuid": "236c8402-b311-4e91-b1b7-071b20f9ebef",
      "title": "",
      "fullFile": "cypress/integration/webdriver-uni/js-alert.js",
      "file": "cypress/integration/webdriver-uni/js-alert.js",
      "beforeHooks": [],
      "afterHooks": [],
      "tests": [],
      "suites": [
        {
          "uuid": "e913a3a0-3249-442f-baa8-af5ec2d679b1",
          "title": "Handle js alerts",
          "fullFile": "",
          "file": "",
          "beforeHooks": [],
          "afterHooks": [],
          "tests": [
            {
              "title": "Validate js confirm alert using stub",
              "fullTitle": "Handle js alerts Validate js confirm alert using stub",
              "timedOut": null,
              "duration": 1396,
              "state": "passed",
              "speed": "fast",
              "pass": true,
              "fail": false,
              "pending": false,
              "context": null,
              "code": "cy.visit(\"http://www.webdriveruniversity.com/\");\ncy.get('#popup-alerts').invoke('removeAttr', 'target').click({\n  force: true\n});\nconst stub = cy.stub();\ncy.on('window:confirm', stub);\ncy.get('#button4').click().then(() => {\n  expect(stub.getCall(0)).to.be.calledWith('Press a button!');\n}).then(() => {\n  return true;\n}).then(() => {\n  cy.get('#confirm-alert-text').contains('You pressed OK!');\n});",
              "err": {},
              "uuid": "93ea0f9e-4d97-4c98-bb2d-2e6ac3f836b4",
              "parentUUID": "e913a3a0-3249-442f-baa8-af5ec2d679b1",
              "isHook": false,
              "skipped": false
            }
          ],
          "suites": [],
          "passes": [
            "93ea0f9e-4d97-4c98-bb2d-2e6ac3f836b4"
          ],
          "failures": [],
          "pending": [],
          "skipped": [],
          "duration": 1396,
          "root": false,
          "rootEmpty": false,
          "_timeout": 2000
        }
      ],
      "passes": [],
      "failures": [],
      "pending": [],
      "skipped": [],
      "duration": 0,
      "root": true,
      "rootEmpty": true,
      "_timeout": 2000
    },
    {
      "uuid": "db87a7af-5afd-4e46-a5c4-044b1f89d7b8",
      "title": "",
      "fullFile": "cypress/integration/webdriver-uni/mouse-actions.js",
      "file": "cypress/integration/webdriver-uni/mouse-actions.js",
      "beforeHooks": [],
      "afterHooks": [],
      "tests": [],
      "suites": [
        {
          "uuid": "9192d209-dbcd-4203-9554-c0d4d538dbc9",
          "title": "Test mouse actions",
          "fullFile": "",
          "file": "",
          "beforeHooks": [],
          "afterHooks": [],
          "tests": [
            {
              "title": "Scroll element into view",
              "fullTitle": "Test mouse actions Scroll element into view",
              "timedOut": null,
              "duration": 1233,
              "state": "passed",
              "speed": "fast",
              "pass": true,
              "fail": false,
              "pending": false,
              "context": null,
              "code": "cy.visit(\"http://www.webdriveruniversity.com/\");\ncy.get('#actions').scrollIntoView().invoke('removeAttr', 'target').click({\n  force: true\n});",
              "err": {},
              "uuid": "9bc1aefc-af44-4ae3-96e1-2c80bb726d7e",
              "parentUUID": "9192d209-dbcd-4203-9554-c0d4d538dbc9",
              "isHook": false,
              "skipped": false
            },
            {
              "title": "I should be able to drag and drop the draggable item",
              "fullTitle": "Test mouse actions I should be able to drag and drop the draggable item",
              "timedOut": null,
              "duration": 450,
              "state": "passed",
              "speed": "fast",
              "pass": true,
              "fail": false,
              "pending": false,
              "context": null,
              "code": "cy.visit(\"http://www.webdriveruniversity.com/\");\ncy.get('#actions').scrollIntoView().invoke('removeAttr', 'target').click({\n  force: true\n});\ncy.get('#draggable').trigger('mousedown', {\n  which: 1\n});\ncy.get('#droppable').trigger('mousemove').trigger('mouseup', {\n  force: true\n});",
              "err": {},
              "uuid": "b6d14dac-5dad-41c2-93d7-948ad50827fd",
              "parentUUID": "9192d209-dbcd-4203-9554-c0d4d538dbc9",
              "isHook": false,
              "skipped": false
            },
            {
              "title": "I should be able to perform double mouse click",
              "fullTitle": "Test mouse actions I should be able to perform double mouse click",
              "timedOut": null,
              "duration": 475,
              "state": "passed",
              "speed": "fast",
              "pass": true,
              "fail": false,
              "pending": false,
              "context": null,
              "code": "cy.visit(\"http://www.webdriveruniversity.com/\");\ncy.get('#actions').scrollIntoView().invoke('removeAttr', 'target').click({\n  force: true\n});\ncy.get('#double-click').dblclick();",
              "err": {},
              "uuid": "6f7e9b52-ade8-482d-8707-ab242f6d0c61",
              "parentUUID": "9192d209-dbcd-4203-9554-c0d4d538dbc9",
              "isHook": false,
              "skipped": false
            },
            {
              "title": "I should be able to hold down the left mouse click button on the given item",
              "fullTitle": "Test mouse actions I should be able to hold down the left mouse click button on the given item",
              "timedOut": null,
              "duration": 399,
              "state": "passed",
              "speed": "fast",
              "pass": true,
              "fail": false,
              "pending": false,
              "context": null,
              "code": "cy.visit(\"http://www.webdriveruniversity.com/\");\ncy.get('#actions').scrollIntoView().invoke('removeAttr', 'target').click({\n  force: true\n});\ncy.get('#click-box').trigger('mousedown', {\n  which: 1\n}).then($element => {\n  expect($element).to.have.css('background-color', 'rgb(0, 255, 0)');\n});",
              "err": {},
              "uuid": "5f3b5729-21da-4f02-892b-ff58320e47f6",
              "parentUUID": "9192d209-dbcd-4203-9554-c0d4d538dbc9",
              "isHook": false,
              "skipped": false
            }
          ],
          "suites": [],
          "passes": [
            "9bc1aefc-af44-4ae3-96e1-2c80bb726d7e",
            "b6d14dac-5dad-41c2-93d7-948ad50827fd",
            "6f7e9b52-ade8-482d-8707-ab242f6d0c61",
            "5f3b5729-21da-4f02-892b-ff58320e47f6"
          ],
          "failures": [],
          "pending": [],
          "skipped": [],
          "duration": 2557,
          "root": false,
          "rootEmpty": false,
          "_timeout": 2000
        }
      ],
      "passes": [],
      "failures": [],
      "pending": [],
      "skipped": [],
      "duration": 0,
      "root": true,
      "rootEmpty": true,
      "_timeout": 2000
    },
    {
      "uuid": "3bace6d2-41e2-4e2d-8bb7-e04ac882733f",
      "title": "",
      "fullFile": "cypress/integration/webdriver-uni/radio-buttons.js",
      "file": "cypress/integration/webdriver-uni/radio-buttons.js",
      "beforeHooks": [],
      "afterHooks": [],
      "tests": [],
      "suites": [
        {
          "uuid": "9a9dc245-097c-4c61-b7be-6a6452639f58",
          "title": "Verify radio buttons via webdriveruni",
          "fullFile": "",
          "file": "",
          "beforeHooks": [],
          "afterHooks": [],
          "tests": [
            {
              "title": "Check and Validate checkbox",
              "fullTitle": "Verify radio buttons via webdriveruni Check and Validate checkbox",
              "timedOut": null,
              "duration": 1658,
              "state": "passed",
              "speed": "fast",
              "pass": true,
              "fail": false,
              "pending": false,
              "context": null,
              "code": "cy.get('#radio-buttons').find('input[type=\"radio\"]').first().check();\ncy.get('#radio-buttons').find('input[type=\"radio\"]').eq(1).check();",
              "err": {},
              "uuid": "00c56c03-500f-445f-8949-1de62684b208",
              "parentUUID": "9a9dc245-097c-4c61-b7be-6a6452639f58",
              "isHook": false,
              "skipped": false
            },
            {
              "title": "Validate the states of specific radio buttons",
              "fullTitle": "Verify radio buttons via webdriveruni Validate the states of specific radio buttons",
              "timedOut": null,
              "duration": 136,
              "state": "passed",
              "speed": "fast",
              "pass": true,
              "fail": false,
              "pending": false,
              "context": null,
              "code": "cy.get('[value=\"lettuce\"]').should('not.be.checked');\ncy.get('[value=\"cabbage\"]').should('be.disabled');\ncy.get('[value=\"pumpkin\"]').should('be.checked');\ncy.get('[value=\"lettuce\"]').check();\ncy.get('[value=\"lettuce\"]').should('be.checked');\ncy.get('[value=\"pumpkin\"]').should('not.be.checked');",
              "err": {},
              "uuid": "579047ef-20bb-4e6a-be5b-c1957e0699a8",
              "parentUUID": "9a9dc245-097c-4c61-b7be-6a6452639f58",
              "isHook": false,
              "skipped": false
            }
          ],
          "suites": [],
          "passes": [
            "00c56c03-500f-445f-8949-1de62684b208",
            "579047ef-20bb-4e6a-be5b-c1957e0699a8"
          ],
          "failures": [],
          "pending": [],
          "skipped": [],
          "duration": 1794,
          "root": false,
          "rootEmpty": false,
          "_timeout": 2000
        }
      ],
      "passes": [],
      "failures": [],
      "pending": [],
      "skipped": [],
      "duration": 0,
      "root": true,
      "rootEmpty": true,
      "_timeout": 2000
    },
    {
      "uuid": "041d10f5-4581-40b1-8657-dc4832605128",
      "title": "",
      "fullFile": "cypress/integration/webdriver-uni/select-dropdown-list.js",
      "file": "cypress/integration/webdriver-uni/select-dropdown-list.js",
      "beforeHooks": [],
      "afterHooks": [],
      "tests": [],
      "suites": [
        {
          "uuid": "532cfaba-0ddd-47ef-b6d3-ea8e6a996e80",
          "title": "Interact with dropdown lists via webdriveruni",
          "fullFile": "",
          "file": "",
          "beforeHooks": [],
          "afterHooks": [],
          "tests": [
            {
              "title": "Select specific values via select dropdown lists",
              "fullTitle": "Interact with dropdown lists via webdriveruni Select specific values via select dropdown lists",
              "timedOut": null,
              "duration": 2052,
              "state": "passed",
              "speed": "fast",
              "pass": true,
              "fail": false,
              "pending": false,
              "context": null,
              "code": "cy.visit(\"http://www.webdriveruniversity.com/\");\ncy.get('#dropdown-checkboxes-radiobuttons').invoke('removeAttr', 'target').click({\n  force: true\n});\ncy.get('#dropdowm-menu-1').select('c#');\ncy.get('#dropdowm-menu-2').select('testng').should('have.value', 'testng');\ncy.get('#dropdowm-menu-3').select('JQuery').contains('JQuery');\ncy.get('#dropdowm-menu-2').select('maven').should('have.value', 'maven');\ncy.get('#dropdowm-menu-2').select('TestNG').contains('TestNG');",
              "err": {},
              "uuid": "89de7904-f2c9-4d1b-a4ff-d1c0d76363f0",
              "parentUUID": "532cfaba-0ddd-47ef-b6d3-ea8e6a996e80",
              "isHook": false,
              "skipped": false
            }
          ],
          "suites": [],
          "passes": [
            "89de7904-f2c9-4d1b-a4ff-d1c0d76363f0"
          ],
          "failures": [],
          "pending": [],
          "skipped": [],
          "duration": 2052,
          "root": false,
          "rootEmpty": false,
          "_timeout": 2000
        }
      ],
      "passes": [],
      "failures": [],
      "pending": [],
      "skipped": [],
      "duration": 0,
      "root": true,
      "rootEmpty": true,
      "_timeout": 2000
    },
    {
      "uuid": "7928c545-773f-41a5-a8b6-532f9936e233",
      "title": "",
      "fullFile": "cypress/integration/webdriver-uni/selectors.js",
      "file": "cypress/integration/webdriver-uni/selectors.js",
      "beforeHooks": [],
      "afterHooks": [],
      "tests": [],
      "suites": [
        {
          "uuid": "8c6b839f-ae61-4ecd-86ee-73db32a88dbc",
          "title": "Selector examples",
          "fullFile": "",
          "file": "",
          "beforeHooks": [],
          "afterHooks": [],
          "tests": [
            {
              "title": "Examples of Selectors via WebdriverUni Contact Us Page",
              "fullTitle": "Selector examples Examples of Selectors via WebdriverUni Contact Us Page",
              "timedOut": null,
              "duration": 533,
              "state": "passed",
              "speed": "fast",
              "pass": true,
              "fail": false,
              "pending": false,
              "context": null,
              "code": "cy.visit(\"http://www.webdriveruniversity.com/Contact-Us/contactus.html\"); //By tag name\ncy.get(\"input\"); //By attribute name and value\ncy.get(\"input[name='first_name']\"); //By id\ncy.get(\"#contact_me\"); //By class\ncy.get(\".feedback-input\"); //By multiple classes\ncy.get(\"[class='navbar navbar-inverse navbar-fixed-top']\"); //By two different attributes\ncy.get(\"[name='email'][placeholder='Email Address']\"); //By xpath\ncy.xpath(\"//input[@name='first_name']\");",
              "err": {},
              "uuid": "5e0ce381-9f7b-418e-b314-5d0ce8e020ca",
              "parentUUID": "8c6b839f-ae61-4ecd-86ee-73db32a88dbc",
              "isHook": false,
              "skipped": false
            }
          ],
          "suites": [],
          "passes": [
            "5e0ce381-9f7b-418e-b314-5d0ce8e020ca"
          ],
          "failures": [],
          "pending": [],
          "skipped": [],
          "duration": 533,
          "root": false,
          "rootEmpty": false,
          "_timeout": 2000
        }
      ],
      "passes": [],
      "failures": [],
      "pending": [],
      "skipped": [],
      "duration": 0,
      "root": true,
      "rootEmpty": true,
      "_timeout": 2000
    },
    {
      "uuid": "14d8d229-ef1d-491d-8cc5-be91d041c39f",
      "title": "",
      "fullFile": "cypress/integration/webdriver-uni/traversing-elements.js",
      "file": "cypress/integration/webdriver-uni/traversing-elements.js",
      "beforeHooks": [],
      "afterHooks": [],
      "tests": [],
      "suites": [
        {
          "uuid": "5435f59c-4fe3-42fb-8abf-e9962533f7b2",
          "title": "Traversing DOM elements in Cypress",
          "fullFile": "",
          "file": "",
          "beforeHooks": [],
          "afterHooks": [],
          "tests": [
            {
              "title": "children() to get the children of DOM elements",
              "fullTitle": "Traversing DOM elements in Cypress children() to get the children of DOM elements",
              "timedOut": null,
              "duration": 2410,
              "state": "passed",
              "speed": "fast",
              "pass": true,
              "fail": false,
              "pending": false,
              "context": null,
              "code": "cy.get('.traversal-breadcrumb').children('.active').should('contain', 'Contact Us');",
              "err": {},
              "uuid": "a1f780f9-f06b-4dcf-acd5-89928683a78d",
              "parentUUID": "5435f59c-4fe3-42fb-8abf-e9962533f7b2",
              "isHook": false,
              "skipped": false
            },
            {
              "title": "closest() to validate the closest ancestor DOM element",
              "fullTitle": "Traversing DOM elements in Cypress closest() to validate the closest ancestor DOM element",
              "timedOut": null,
              "duration": 438,
              "state": "passed",
              "speed": "fast",
              "pass": true,
              "fail": false,
              "pending": false,
              "context": null,
              "code": "cy.get('.traversal-badge').closest('ul').should('have.class', 'list-group');",
              "err": {},
              "uuid": "3448ac1c-abe2-4fce-9d34-e7da8f4cf43b",
              "parentUUID": "5435f59c-4fe3-42fb-8abf-e9962533f7b2",
              "isHook": false,
              "skipped": false
            },
            {
              "title": "eq() to retrieve a specific element based on index",
              "fullTitle": "Traversing DOM elements in Cypress eq() to retrieve a specific element based on index",
              "timedOut": null,
              "duration": 386,
              "state": "passed",
              "speed": "fast",
              "pass": true,
              "fail": false,
              "pending": false,
              "context": null,
              "code": "cy.get('.traversal-drinks-list > *').eq(2).should('contain', 'Milk');",
              "err": {},
              "uuid": "0eead1f8-3e75-4d8c-9c05-be5e60837f2c",
              "parentUUID": "5435f59c-4fe3-42fb-8abf-e9962533f7b2",
              "isHook": false,
              "skipped": false
            },
            {
              "title": "filter() to retrieve DOM elements that match a specific selector",
              "fullTitle": "Traversing DOM elements in Cypress filter() to retrieve DOM elements that match a specific selector",
              "timedOut": null,
              "duration": 386,
              "state": "passed",
              "speed": "fast",
              "pass": true,
              "fail": false,
              "pending": false,
              "context": null,
              "code": "cy.get('.btn-group-toggle > *').filter('.active').should('contain', 'Button-1');",
              "err": {},
              "uuid": "d1e6d774-6eaf-4e4d-a2d5-344db95da75a",
              "parentUUID": "5435f59c-4fe3-42fb-8abf-e9962533f7b2",
              "isHook": false,
              "skipped": false
            },
            {
              "title": "find() to retrieve DOM elements of a given selector",
              "fullTitle": "Traversing DOM elements in Cypress find() to retrieve DOM elements of a given selector",
              "timedOut": null,
              "duration": 416,
              "state": "passed",
              "speed": "fast",
              "pass": true,
              "fail": false,
              "pending": false,
              "context": null,
              "code": "cy.get('.traversal-pagination').find('li').find('a').should('have.length', '7');",
              "err": {},
              "uuid": "1a87ccaf-b1f8-4dee-b3ef-951ac5750e7b",
              "parentUUID": "5435f59c-4fe3-42fb-8abf-e9962533f7b2",
              "isHook": false,
              "skipped": false
            },
            {
              "title": "first() to retrieve the first DOM element within elements ",
              "fullTitle": "Traversing DOM elements in Cypress first() to retrieve the first DOM element within elements ",
              "timedOut": null,
              "duration": 381,
              "state": "passed",
              "speed": "fast",
              "pass": true,
              "fail": false,
              "pending": false,
              "context": null,
              "code": "cy.get('.traversal-table > tbody >tr >td').first().should('contain', 'Andy');",
              "err": {},
              "uuid": "fb0373b3-599d-4c35-889b-2ffaf4b3e202",
              "parentUUID": "5435f59c-4fe3-42fb-8abf-e9962533f7b2",
              "isHook": false,
              "skipped": false
            },
            {
              "title": "last() to retrieve the last DOM element within elements",
              "fullTitle": "Traversing DOM elements in Cypress last() to retrieve the last DOM element within elements",
              "timedOut": null,
              "duration": 371,
              "state": "passed",
              "speed": "fast",
              "pass": true,
              "fail": false,
              "pending": false,
              "context": null,
              "code": "cy.get('.traversal-table > tbody >tr >td').last().should('contain', 'Scott');",
              "err": {},
              "uuid": "7b236c03-c6dd-4e63-bb4f-a868bfdc416c",
              "parentUUID": "5435f59c-4fe3-42fb-8abf-e9962533f7b2",
              "isHook": false,
              "skipped": false
            },
            {
              "title": "nextAll() to get all of the next sibling DOM elements within elements",
              "fullTitle": "Traversing DOM elements in Cypress nextAll() to get all of the next sibling DOM elements within elements",
              "timedOut": null,
              "duration": 391,
              "state": "passed",
              "speed": "fast",
              "pass": true,
              "fail": false,
              "pending": false,
              "context": null,
              "code": "cy.get('.traversal-drinks-list').contains('Tea').nextAll().should('have.length', '3');",
              "err": {},
              "uuid": "8ba65188-39ad-448a-b83a-3082ef1fcfbd",
              "parentUUID": "5435f59c-4fe3-42fb-8abf-e9962533f7b2",
              "isHook": false,
              "skipped": false
            },
            {
              "title": "nextUntil() to get all of the next sibling DOM elements within elements until another element",
              "fullTitle": "Traversing DOM elements in Cypress nextUntil() to get all of the next sibling DOM elements within elements until another element",
              "timedOut": null,
              "duration": 416,
              "state": "passed",
              "speed": "fast",
              "pass": true,
              "fail": false,
              "pending": false,
              "context": null,
              "code": "cy.get('#coffee').nextUntil('#milk');",
              "err": {},
              "uuid": "47b8dbc3-fbfd-4032-a14c-583e596aea9a",
              "parentUUID": "5435f59c-4fe3-42fb-8abf-e9962533f7b2",
              "isHook": false,
              "skipped": false
            },
            {
              "title": "not() to remove DOM element(s) from the set of elements",
              "fullTitle": "Traversing DOM elements in Cypress not() to remove DOM element(s) from the set of elements",
              "timedOut": null,
              "duration": 384,
              "state": "passed",
              "speed": "fast",
              "pass": true,
              "fail": false,
              "pending": false,
              "context": null,
              "code": "cy.get('.traversal-button-states').not('.disabled').should('not.have.class', '.disabled');",
              "err": {},
              "uuid": "c26d3555-5f24-4302-8f90-b904be5ffab4",
              "parentUUID": "5435f59c-4fe3-42fb-8abf-e9962533f7b2",
              "isHook": false,
              "skipped": false
            },
            {
              "title": "parent() To get parent DOM element of elements",
              "fullTitle": "Traversing DOM elements in Cypress parent() To get parent DOM element of elements",
              "timedOut": null,
              "duration": 367,
              "state": "passed",
              "speed": "fast",
              "pass": true,
              "fail": false,
              "pending": false,
              "context": null,
              "code": "cy.get('.traversal-mark').parent().should('contain', 'Lorem ipsum dolor sit amet');",
              "err": {},
              "uuid": "14aeef5c-2b66-4c32-95d2-103fce28c700",
              "parentUUID": "5435f59c-4fe3-42fb-8abf-e9962533f7b2",
              "isHook": false,
              "skipped": false
            },
            {
              "title": "parents() to get parents DOM element of elements",
              "fullTitle": "Traversing DOM elements in Cypress parents() to get parents DOM element of elements",
              "timedOut": null,
              "duration": 379,
              "state": "passed",
              "speed": "fast",
              "pass": true,
              "fail": false,
              "pending": false,
              "context": null,
              "code": "cy.get('.traversal-cite').parents().should('match', 'blockquote');",
              "err": {},
              "uuid": "c0d54a1d-aea2-4e91-9681-a3226bfedd88",
              "parentUUID": "5435f59c-4fe3-42fb-8abf-e9962533f7b2",
              "isHook": false,
              "skipped": false
            },
            {
              "title": "prev() to get the previous sibling DOM element within elements",
              "fullTitle": "Traversing DOM elements in Cypress prev() to get the previous sibling DOM element within elements",
              "timedOut": null,
              "duration": 396,
              "state": "passed",
              "speed": "fast",
              "pass": true,
              "fail": false,
              "pending": false,
              "context": null,
              "code": "cy.get('#sugar').prev().contains('Espresso');",
              "err": {},
              "uuid": "91d37df1-1ddc-4b5a-a02e-582d93442e91",
              "parentUUID": "5435f59c-4fe3-42fb-8abf-e9962533f7b2",
              "isHook": false,
              "skipped": false
            },
            {
              "title": "prevAll() to get all previous sibling DOM elements within elements",
              "fullTitle": "Traversing DOM elements in Cypress prevAll() to get all previous sibling DOM elements within elements",
              "timedOut": null,
              "duration": 390,
              "state": "passed",
              "speed": "fast",
              "pass": true,
              "fail": false,
              "pending": false,
              "context": null,
              "code": "cy.get('.sales').prevAll().should('have.length', '2');",
              "err": {},
              "uuid": "102226de-e6fb-4d6d-949b-09c1fb466907",
              "parentUUID": "5435f59c-4fe3-42fb-8abf-e9962533f7b2",
              "isHook": false,
              "skipped": false
            },
            {
              "title": "prevUntil() to get all previous sibling DOM elements within elements until other element",
              "fullTitle": "Traversing DOM elements in Cypress prevUntil() to get all previous sibling DOM elements within elements until other element",
              "timedOut": null,
              "duration": 378,
              "state": "passed",
              "speed": "fast",
              "pass": true,
              "fail": false,
              "pending": false,
              "context": null,
              "code": "cy.get('#veggie').prevUntil('#fruits').should('have.length', 5);",
              "err": {},
              "uuid": "dec17ce0-3474-42c1-aeb5-d173892fefe4",
              "parentUUID": "5435f59c-4fe3-42fb-8abf-e9962533f7b2",
              "isHook": false,
              "skipped": false
            },
            {
              "title": "siblings() To get all sibling DOM elements of elements",
              "fullTitle": "Traversing DOM elements in Cypress siblings() To get all sibling DOM elements of elements",
              "timedOut": null,
              "duration": 376,
              "state": "passed",
              "speed": "fast",
              "pass": true,
              "fail": false,
              "pending": false,
              "context": null,
              "code": "cy.get('.traversal-button-other-states .active').siblings().should('have.length', 3);",
              "err": {},
              "uuid": "42f3ecd1-63a7-474c-9c7b-fa5c8197d398",
              "parentUUID": "5435f59c-4fe3-42fb-8abf-e9962533f7b2",
              "isHook": false,
              "skipped": false
            }
          ],
          "suites": [],
          "passes": [
            "a1f780f9-f06b-4dcf-acd5-89928683a78d",
            "3448ac1c-abe2-4fce-9d34-e7da8f4cf43b",
            "0eead1f8-3e75-4d8c-9c05-be5e60837f2c",
            "d1e6d774-6eaf-4e4d-a2d5-344db95da75a",
            "1a87ccaf-b1f8-4dee-b3ef-951ac5750e7b",
            "fb0373b3-599d-4c35-889b-2ffaf4b3e202",
            "7b236c03-c6dd-4e63-bb4f-a868bfdc416c",
            "8ba65188-39ad-448a-b83a-3082ef1fcfbd",
            "47b8dbc3-fbfd-4032-a14c-583e596aea9a",
            "c26d3555-5f24-4302-8f90-b904be5ffab4",
            "14aeef5c-2b66-4c32-95d2-103fce28c700",
            "c0d54a1d-aea2-4e91-9681-a3226bfedd88",
            "91d37df1-1ddc-4b5a-a02e-582d93442e91",
            "102226de-e6fb-4d6d-949b-09c1fb466907",
            "dec17ce0-3474-42c1-aeb5-d173892fefe4",
            "42f3ecd1-63a7-474c-9c7b-fa5c8197d398"
          ],
          "failures": [],
          "pending": [],
          "skipped": [],
          "duration": 8265,
          "root": false,
          "rootEmpty": false,
          "_timeout": 2000
        }
      ],
      "passes": [],
      "failures": [],
      "pending": [],
      "skipped": [],
      "duration": 0,
      "root": true,
      "rootEmpty": true,
      "_timeout": 2000
    },
    {
      "uuid": "8912952e-cdf5-4533-90b5-e794893c5eb2",
      "title": "",
      "fullFile": "cypress/integration/automation-test-store/add-multiple-items-to-basket.js",
      "file": "cypress/integration/automation-test-store/add-multiple-items-to-basket.js",
      "beforeHooks": [],
      "afterHooks": [],
      "tests": [],
      "suites": [
        {
          "uuid": "09c38d18-d20d-416a-ab01-16cf3bc34c6e",
          "title": "Add multiple items to basket",
          "fullFile": "",
          "file": "",
          "beforeHooks": [],
          "afterHooks": [],
          "tests": [
            {
              "title": "Add specific items to basket",
              "fullTitle": "Add multiple items to basket Add specific items to basket",
              "timedOut": null,
              "duration": 4526,
              "state": "passed",
              "speed": "fast",
              "pass": true,
              "fail": false,
              "pending": false,
              "context": null,
              "code": "// globalThis.data.productName.forEach(function(element){\n//     cy.addProductToBasket(element)\n// })\nautoStore_HairCare_PO.addHairCareProductsToBasket();",
              "err": {},
              "uuid": "60fa4d6a-0685-4285-888f-fcb22b4e6b2a",
              "parentUUID": "09c38d18-d20d-416a-ab01-16cf3bc34c6e",
              "isHook": false,
              "skipped": false
            }
          ],
          "suites": [],
          "passes": [
            "60fa4d6a-0685-4285-888f-fcb22b4e6b2a"
          ],
          "failures": [],
          "pending": [],
          "skipped": [],
          "duration": 4526,
          "root": false,
          "rootEmpty": false,
          "_timeout": 2000
        }
      ],
      "passes": [],
      "failures": [],
      "pending": [],
      "skipped": [],
      "duration": 0,
      "root": true,
      "rootEmpty": true,
      "_timeout": 2000
    }
  ],
  "meta": {
    "mocha": {
      "version": "7.0.1"
    },
    "mochawesome": {
      "options": {
        "quiet": false,
        "reportFilename": "mochawesome",
        "saveHtml": false,
        "saveJson": true,
        "consoleReporter": "spec",
        "useInlineDiffs": false,
        "code": true
      },
      "version": "7.1.3"
    },
    "marge": {
      "options": {
        "id": "default",
        "reportDir": "cypress/results/mochawesome",
        "quite": true,
        "overwrite": false,
        "html": false,
        "json": true
      },
      "version": "6.2.0"
    }
  }
}